<?xml version="1.0" encoding="UTF-8"?>
<testsuite name="service.QueryServiceTest" tests="1" skipped="0" failures="0" errors="0" timestamp="2023-02-25T19:57:41" hostname="LAPTOP-K0G8TMI0" time="1.517">
  <properties/>
  <testcase name="[1] select * from product" classname="service.QueryServiceTest" time="1.517"/>
  <system-out><![CDATA[]]></system-out>
  <system-err><![CDATA[]]></system-err>
</testsuite>
