<?xml version="1.0" encoding="UTF-8"?>
<testsuite name="util.RequestUtilTest" tests="7" skipped="0" failures="0" errors="0" timestamp="2023-02-26T21:46:45" hostname="LAPTOP-K0G8TMI0" time="1.749">
  <properties/>
  <testcase name="testPriceCalculation()" classname="util.RequestUtilTest" time="0.352"/>
  <testcase name="[1] [2-3, 4-5, 6-1, card-1234]" classname="util.RequestUtilTest" time="0.096"/>
  <testcase name="[2] [8-3, card-8888]" classname="util.RequestUtilTest" time="0.004"/>
  <testcase name="[3] [8-3, 11-2, card-7777]" classname="util.RequestUtilTest" time="0.006"/>
  <testcase name="[1] 100, 50" classname="util.RequestUtilTest" time="0.003"/>
  <testcase name="[2] 200.0, 25.0" classname="util.RequestUtilTest" time="0.003"/>
  <testcase name="testCreateData()" classname="util.RequestUtilTest" time="0.931"/>
  <system-out><![CDATA[?????? ????????!!!
?????? ????????!!!
?????? ????????!!!
]]></system-out>
  <system-err><![CDATA[]]></system-err>
</testsuite>
